0 info it worked if it ends with ok
1 verbose cli [ 'C:\\Program Files (x86)\\nodejs\\\\node.exe',
1 verbose cli   'C:\\Program Files (x86)\\nodejs\\node_modules\\npm\\bin\\npm-cli.js',
1 verbose cli   'adduser' ]
2 info using npm@1.3.2
3 info using node@v0.10.13
4 verbose node symlink C:\Program Files (x86)\nodejs\\node.exe
5 warn Username must be lowercase
6 warn Username may not contain non-url-safe chars
7 verbose adduser before first PUT { name: 'shreetam',
7 verbose adduser   salt: 'XXXXX',
7 verbose adduser   password_sha: 'XXXXX',
7 verbose adduser   email: 'shreetam.chatterjee@vrisini.com',
7 verbose adduser   _id: 'org.couchdb.user:shreetam',
7 verbose adduser   type: 'user',
7 verbose adduser   roles: [],
7 verbose adduser   date: '2015-06-24T09:15:04.310Z' }
8 verbose url raw /-/user/org.couchdb.user:shreetam
9 verbose url resolving [ 'https://registry.npmjs.org/',
9 verbose url resolving   './-/user/org.couchdb.user:shreetam' ]
10 verbose url resolved https://registry.npmjs.org/-/user/org.couchdb.user:shreetam
11 info trying registry request attempt 1 at 14:45:04
12 http PUT https://registry.npmjs.org/-/user/org.couchdb.user:shreetam
13 http 400 https://registry.npmjs.org/-/user/org.couchdb.user:shreetam
14 verbose adduser back [ [Error: Unknown error while authenticating : -/user/org.couchdb.user:shreetam],
14 verbose adduser   { ok: false, error: 'Unknown error while authenticating' },
14 verbose adduser   '{"ok":false,"error":"Unknown error while authenticating"}' ]
15 error Error: Unknown error while authenticating : -/user/org.couchdb.user:shreetam
15 error     at RegClient.<anonymous> (C:\Program Files (x86)\nodejs\node_modules\npm\node_modules\npm-registry-client\lib\request.js:272:14)
15 error     at Request.self.callback (C:\Program Files (x86)\nodejs\node_modules\npm\node_modules\request\index.js:148:22)
15 error     at Request.EventEmitter.emit (events.js:98:17)
15 error     at Request.<anonymous> (C:\Program Files (x86)\nodejs\node_modules\npm\node_modules\request\index.js:876:14)
15 error     at Request.EventEmitter.emit (events.js:117:20)
15 error     at IncomingMessage.<anonymous> (C:\Program Files (x86)\nodejs\node_modules\npm\node_modules\request\index.js:827:12)
15 error     at IncomingMessage.EventEmitter.emit (events.js:117:20)
15 error     at _stream_readable.js:910:16
15 error     at process._tickCallback (node.js:415:13)
16 error If you need help, you may report this log at:
16 error     <http://github.com/isaacs/npm/issues>
16 error or email it to:
16 error     <npm-@googlegroups.com>
17 error System Windows_NT 6.2.9200
18 error command "C:\\Program Files (x86)\\nodejs\\\\node.exe" "C:\\Program Files (x86)\\nodejs\\node_modules\\npm\\bin\\npm-cli.js" "adduser"
19 error cwd C:\Users\Rajdeep Das\Documents\GitHub\Cordova-Schedule-Plugin
20 error node -v v0.10.13
21 error npm -v 1.3.2
22 verbose exit [ 1, true ]
